<?xml version="1.0" encoding="UTF-8"?>
<!-- Generated by org.testng.reporters.JUnitReportReporter -->
<testsuite hostname="sagar-PC" name="Testcases.Loginapplication" tests="1" failures="0" timestamp="18 May 2020 16:11:32 GMT" time="16.368" errors="0">
  <testcase name="Login" time="16.368" classname="Testcases.Loginapplication"/>
</testsuite> <!-- Testcases.Loginapplication -->
